e:\‏‏תיקיה חדשה\newproject\project\cppclr_winformsprojekt1\cppclr_winformsprojekt1\x64\release\cppclr_winformsprojekt1.pch
e:\‏‏תיקיה חדשה\newproject\project\cppclr_winformsprojekt1\cppclr_winformsprojekt1\x64\release\vc142.pdb
e:\‏‏תיקיה חדשה\newproject\project\cppclr_winformsprojekt1\cppclr_winformsprojekt1\x64\release\pch.obj
e:\‏‏תיקיה חדשה\newproject\project\cppclr_winformsprojekt1\cppclr_winformsprojekt1\x64\release\myform.obj
e:\‏‏תיקיה חדשה\newproject\project\cppclr_winformsprojekt1\cppclr_winformsprojekt1\x64\release\form1.obj
e:\‏‏תיקיה חדשה\newproject\project\cppclr_winformsprojekt1\cppclr_winformsprojekt1\x64\release\cppclr_winformsprojekt.obj
e:\‏‏תיקיה חדשה\newproject\project\cppclr_winformsprojekt1\cppclr_winformsprojekt1\x64\release\assemblyinfo.obj
e:\‏‏תיקיה חדשה\newproject\project\cppclr_winformsprojekt1\cppclr_winformsprojekt1\x64\release\.netframework,version=v4.7.2.assemblyattributes.obj
c:\users\alon\desktop\cppclr_winformsprojekt1\cppclr_winformsprojekt1\x64\release\cppclr_winformsprojekt1.pch
c:\users\alon\desktop\cppclr_winformsprojekt1\cppclr_winformsprojekt1\x64\release\vc142.pdb
c:\users\alon\desktop\cppclr_winformsprojekt1\cppclr_winformsprojekt1\x64\release\pch.obj
c:\users\alon\desktop\cppclr_winformsprojekt1\cppclr_winformsprojekt1\x64\release\myform.obj
c:\users\alon\desktop\cppclr_winformsprojekt1\cppclr_winformsprojekt1\x64\release\form1.obj
c:\users\alon\desktop\cppclr_winformsprojekt1\cppclr_winformsprojekt1\x64\release\cppclr_winformsprojekt.obj
c:\users\alon\desktop\cppclr_winformsprojekt1\cppclr_winformsprojekt1\x64\release\assemblyinfo.obj
c:\users\alon\desktop\cppclr_winformsprojekt1\cppclr_winformsprojekt1\x64\release\.netframework,version=v4.7.2.assemblyattributes.obj
c:\users\alon\desktop\cppclr_winformsprojekt1\cppclr_winformsprojekt1\x64\release\cppclr_winformsprojekt1.form1.resources
c:\users\alon\desktop\cppclr_winformsprojekt1\cppclr_winformsprojekt1\x64\release\cppclr_winformsprojekt1.myform.resources
c:\users\alon\desktop\cppclr_winformsprojekt1\x64\release\cppclr_winformsprojekt1.lib
c:\users\alon\desktop\cppclr_winformsprojekt1\x64\release\cppclr_winformsprojekt1.exp
e:\‏‏תיקיה חדשה\newproject\project\cppclr_winformsprojekt1\cppclr_winformsprojekt1\x64\release\cppclr_winformsprojekt1.form1.resources
e:\‏‏תיקיה חדשה\newproject\project\cppclr_winformsprojekt1\cppclr_winformsprojekt1\x64\release\cppclr_winformsprojekt1.myform.resources
e:\‏‏תיקיה חדשה\newproject\project\cppclr_winformsprojekt1\x64\release\cppclr_winformsprojekt1.lib
e:\‏‏תיקיה חדשה\newproject\project\cppclr_winformsprojekt1\x64\release\cppclr_winformsprojekt1.exp
e:\‏‏תיקיה חדשה\newproject\project\cppclr_winformsprojekt1\x64\release\cppclr_winformsprojekt1.exe
e:\‏‏תיקיה חדשה\newproject\project\cppclr_winformsprojekt1\x64\release\cppclr_winformsprojekt1.pdb
c:\users\alon\desktop\cppclr_winformsprojekt1\x64\release\cppclr_winformsprojekt1.exe
c:\users\alon\desktop\cppclr_winformsprojekt1\x64\release\cppclr_winformsprojekt1.pdb
c:\users\alon\desktop\cppclr_winformsprojekt1\cppclr_winformsprojekt1\x64\release\app.res
e:\‏‏תיקיה חדשה\newproject\project\cppclr_winformsprojekt1\cppclr_winformsprojekt1\x64\release\app.res
c:\users\alon\desktop\cppclr_winformsprojekt1\cppclr_winformsprojekt1\x64\release\cppclr_w.7e63d9e4.tlog\cl.command.1.tlog
c:\users\alon\desktop\cppclr_winformsprojekt1\cppclr_winformsprojekt1\x64\release\cppclr_w.7e63d9e4.tlog\cl.read.1.tlog
c:\users\alon\desktop\cppclr_winformsprojekt1\cppclr_winformsprojekt1\x64\release\cppclr_w.7e63d9e4.tlog\cl.write.1.tlog
c:\users\alon\desktop\cppclr_winformsprojekt1\cppclr_winformsprojekt1\x64\release\cppclr_w.7e63d9e4.tlog\cppclr_winformsprojekt1.write.1u.tlog
c:\users\alon\desktop\cppclr_winformsprojekt1\cppclr_winformsprojekt1\x64\release\cppclr_w.7e63d9e4.tlog\link.command.1.tlog
c:\users\alon\desktop\cppclr_winformsprojekt1\cppclr_winformsprojekt1\x64\release\cppclr_w.7e63d9e4.tlog\link.read.1.tlog
c:\users\alon\desktop\cppclr_winformsprojekt1\cppclr_winformsprojekt1\x64\release\cppclr_w.7e63d9e4.tlog\link.write.1.tlog
c:\users\alon\desktop\cppclr_winformsprojekt1\cppclr_winformsprojekt1\x64\release\cppclr_w.7e63d9e4.tlog\metagen.read.1.tlog
c:\users\alon\desktop\cppclr_winformsprojekt1\cppclr_winformsprojekt1\x64\release\cppclr_w.7e63d9e4.tlog\metagen.write.1.tlog
c:\users\alon\desktop\cppclr_winformsprojekt1\cppclr_winformsprojekt1\x64\release\cppclr_w.7e63d9e4.tlog\rc.command.1.tlog
c:\users\alon\desktop\cppclr_winformsprojekt1\cppclr_winformsprojekt1\x64\release\cppclr_w.7e63d9e4.tlog\rc.read.1.tlog
c:\users\alon\desktop\cppclr_winformsprojekt1\cppclr_winformsprojekt1\x64\release\cppclr_w.7e63d9e4.tlog\rc.write.1.tlog
